<?xml version="1.0" encoding="UTF-8"?>
<!-- Generated by org.testng.reporters.JUnitReportReporter -->
<testsuite hostname="Pratik-Jagdale-DS-MacBook.local" failures="0" tests="4" name="com.kiboassessment.tests.EndToEndPurchaseTest" time="98.945" errors="0" timestamp="2025-08-09T01:54:02 IST" skipped="3">
  <testcase classname="com.kiboassessment.tests.EndToEndPurchaseTest" name="testEndToEndPurchaseFlow" time="98.945"/>
  <system-out/>
  <testcase classname="com.kiboassessment.tests.EndToEndPurchaseTest" name="testAddToCartFunctionality">
    <skipped/>
  </testcase> <!-- testAddToCartFunctionality -->
  <system-out/>
  <testcase classname="com.kiboassessment.tests.EndToEndPurchaseTest" name="testLoginFunctionality">
    <skipped/>
  </testcase> <!-- testLoginFunctionality -->
  <system-out/>
  <testcase classname="com.kiboassessment.tests.EndToEndPurchaseTest" name="testProductSearchFunctionality">
    <skipped/>
  </testcase> <!-- testProductSearchFunctionality -->
  <system-out/>
</testsuite> <!-- com.kiboassessment.tests.EndToEndPurchaseTest -->
